2015-08-21 01:01:55,469 - Starting Apache Velocity v1.5 (compiled: 2007-02-22 08:52:29)
2015-08-21 01:01:55,469 - Default Properties File: org/apache/velocity/runtime/defaults/velocity.properties
2015-08-21 01:01:55,469 - Trying to use logger class org.apache.velocity.runtime.log.AvalonLogChute
2015-08-21 01:01:55,469 - Couldn't find class org.apache.velocity.runtime.log.AvalonLogChute or necessary supporting classes in classpath.
java.lang.NoClassDefFoundError: org/apache/log/format/Formatter
	at java.lang.Class.forName0(Native Method)
	at java.lang.Class.forName(Class.java:274)
	at org.apache.velocity.util.ClassUtils.getClass(ClassUtils.java:63)
	at org.apache.velocity.util.ClassUtils.getNewInstance(ClassUtils.java:95)
	at org.apache.velocity.runtime.log.LogManager.createLogChute(LogManager.java:147)
	at org.apache.velocity.runtime.log.LogManager.updateLog(LogManager.java:208)
	at org.apache.velocity.runtime.RuntimeInstance.initializeLog(RuntimeInstance.java:728)
	at org.apache.velocity.runtime.RuntimeInstance.init(RuntimeInstance.java:240)
	at org.apache.velocity.runtime.RuntimeInstance.init(RuntimeInstance.java:534)
	at org.apache.velocity.app.VelocityEngine.init(VelocityEngine.java:144)
	at com.amazonaws.mturk.addon.HITQuestion.<init>(HITQuestion.java:69)
	at com.example.BestImage.createBestImage(BestImage.java:80)
	at com.example.BestImage.main(BestImage.java:142)
	at sun.reflect.NativeMethodAccessorImpl.invoke0(Native Method)
	at sun.reflect.NativeMethodAccessorImpl.invoke(NativeMethodAccessorImpl.java:57)
	at sun.reflect.DelegatingMethodAccessorImpl.invoke(DelegatingMethodAccessorImpl.java:43)
	at java.lang.reflect.Method.invoke(Method.java:606)
	at com.intellij.rt.execution.application.AppMain.main(AppMain.java:140)
Caused by: java.lang.ClassNotFoundException: org.apache.log.format.Formatter
	at java.net.URLClassLoader$1.run(URLClassLoader.java:366)
	at java.net.URLClassLoader$1.run(URLClassLoader.java:355)
	at java.security.AccessController.doPrivileged(Native Method)
	at java.net.URLClassLoader.findClass(URLClassLoader.java:354)
	at java.lang.ClassLoader.loadClass(ClassLoader.java:425)
	at sun.misc.Launcher$AppClassLoader.loadClass(Launcher.java:308)
	at java.lang.ClassLoader.loadClass(ClassLoader.java:358)
	... 18 more
2015-08-21 01:01:55,470 - Trying to use logger class org.apache.velocity.runtime.log.Log4JLogChute
2015-08-21 01:01:55,470 - Using logger class org.apache.velocity.runtime.log.Log4JLogChute
2015-08-21 01:01:55,471 - Default ResourceManager initializing. (class org.apache.velocity.runtime.resource.ResourceManagerImpl)
2015-08-21 01:01:55,473 - ResourceLoader instantiated: org.apache.velocity.runtime.resource.loader.FileResourceLoader
2015-08-21 01:01:55,473 - Do unicode file recognition:  false
2015-08-21 01:01:55,473 - FileResourceLoader : adding path '.'
2015-08-21 01:01:55,481 - ResourceCache: initialized (class org.apache.velocity.runtime.resource.ResourceCacheImpl)
2015-08-21 01:01:55,482 - Loaded System Directive: org.apache.velocity.runtime.directive.Literal
2015-08-21 01:01:55,482 - Loaded System Directive: org.apache.velocity.runtime.directive.Macro
2015-08-21 01:01:55,483 - Loaded System Directive: org.apache.velocity.runtime.directive.Parse
2015-08-21 01:01:55,484 - Loaded System Directive: org.apache.velocity.runtime.directive.Include
2015-08-21 01:01:55,484 - Loaded System Directive: org.apache.velocity.runtime.directive.Foreach
2015-08-21 01:01:55,498 - Created '20' parsers.
2015-08-21 01:01:55,502 - Velocimacro : "velocimacro.library" is not set.  Trying default library: VM_global_library.vm
2015-08-21 01:01:55,502 - Velocimacro : Default library not found.
2015-08-21 01:01:55,502 - Velocimacro : allowInline = true : VMs can be defined inline in templates
2015-08-21 01:01:55,502 - Velocimacro : allowInlineToOverride = false : VMs defined inline may NOT replace previous VM definitions
2015-08-21 01:01:55,502 - Velocimacro : allowInlineLocal = false : VMs defined inline will be global in scope if allowed.
2015-08-21 01:01:55,502 - Velocimacro : autoload off : VM system will not automatically reload global library macros
2015-08-21 01:01:55,506 - ResourceManager : found best_image.question with loader org.apache.velocity.runtime.resource.loader.FileResourceLoader
2015-08-21 01:01:59,910 - Log4JLogChute initialized using file 'velocity.log'
2015-08-21 01:01:59,910 - Starting Apache Velocity v1.5 (compiled: 2007-02-22 08:52:29)
2015-08-21 01:01:59,910 - Default Properties File: org/apache/velocity/runtime/defaults/velocity.properties
2015-08-21 01:01:59,910 - Trying to use logger class org.apache.velocity.runtime.log.AvalonLogChute
2015-08-21 01:01:59,910 - Couldn't find class org.apache.velocity.runtime.log.AvalonLogChute or necessary supporting classes in classpath.
java.lang.NoClassDefFoundError: org/apache/log/format/Formatter
	at java.lang.Class.forName0(Native Method)
	at java.lang.Class.forName(Class.java:274)
	at org.apache.velocity.util.ClassUtils.getClass(ClassUtils.java:63)
	at org.apache.velocity.util.ClassUtils.getNewInstance(ClassUtils.java:95)
	at org.apache.velocity.runtime.log.LogManager.createLogChute(LogManager.java:147)
	at org.apache.velocity.runtime.log.LogManager.updateLog(LogManager.java:208)
	at org.apache.velocity.runtime.RuntimeInstance.initializeLog(RuntimeInstance.java:728)
	at org.apache.velocity.runtime.RuntimeInstance.init(RuntimeInstance.java:240)
	at org.apache.velocity.runtime.RuntimeSingleton.init(RuntimeSingleton.java:113)
	at org.apache.velocity.app.Velocity.init(Velocity.java:83)
	at com.amazonaws.mturk.util.VelocityUtil.doMerge(VelocityUtil.java:34)
	at com.amazonaws.mturk.addon.HITProperties.getLifetime(HITProperties.java:243)
	at com.example.BestImage.createBestImage(BestImage.java:104)
	at com.example.BestImage.main(BestImage.java:142)
	at sun.reflect.NativeMethodAccessorImpl.invoke0(Native Method)
	at sun.reflect.NativeMethodAccessorImpl.invoke(NativeMethodAccessorImpl.java:57)
	at sun.reflect.DelegatingMethodAccessorImpl.invoke(DelegatingMethodAccessorImpl.java:43)
	at java.lang.reflect.Method.invoke(Method.java:606)
	at com.intellij.rt.execution.application.AppMain.main(AppMain.java:140)
Caused by: java.lang.ClassNotFoundException: org.apache.log.format.Formatter
	at java.net.URLClassLoader$1.run(URLClassLoader.java:366)
	at java.net.URLClassLoader$1.run(URLClassLoader.java:355)
	at java.security.AccessController.doPrivileged(Native Method)
	at java.net.URLClassLoader.findClass(URLClassLoader.java:354)
	at java.lang.ClassLoader.loadClass(ClassLoader.java:425)
	at sun.misc.Launcher$AppClassLoader.loadClass(Launcher.java:308)
	at java.lang.ClassLoader.loadClass(ClassLoader.java:358)
	... 19 more
2015-08-21 01:01:59,911 - Trying to use logger class org.apache.velocity.runtime.log.Log4JLogChute
2015-08-21 01:01:59,911 - Using logger class org.apache.velocity.runtime.log.Log4JLogChute
2015-08-21 01:01:59,911 - Default ResourceManager initializing. (class org.apache.velocity.runtime.resource.ResourceManagerImpl)
2015-08-21 01:01:59,911 - ResourceLoader instantiated: org.apache.velocity.runtime.resource.loader.FileResourceLoader
2015-08-21 01:01:59,911 - Do unicode file recognition:  false
2015-08-21 01:01:59,911 - FileResourceLoader : adding path '.'
2015-08-21 01:01:59,911 - ResourceCache: initialized (class org.apache.velocity.runtime.resource.ResourceCacheImpl)
2015-08-21 01:01:59,911 - Loaded System Directive: org.apache.velocity.runtime.directive.Literal
2015-08-21 01:01:59,911 - Loaded System Directive: org.apache.velocity.runtime.directive.Macro
2015-08-21 01:01:59,911 - Loaded System Directive: org.apache.velocity.runtime.directive.Parse
2015-08-21 01:01:59,911 - Loaded System Directive: org.apache.velocity.runtime.directive.Include
2015-08-21 01:01:59,911 - Loaded System Directive: org.apache.velocity.runtime.directive.Foreach
2015-08-21 01:01:59,912 - Created '20' parsers.
2015-08-21 01:01:59,912 - Velocimacro : "velocimacro.library" is not set.  Trying default library: VM_global_library.vm
2015-08-21 01:01:59,912 - Velocimacro : Default library not found.
2015-08-21 01:01:59,912 - Velocimacro : allowInline = true : VMs can be defined inline in templates
2015-08-21 01:01:59,912 - Velocimacro : allowInlineToOverride = false : VMs defined inline may NOT replace previous VM definitions
2015-08-21 01:01:59,912 - Velocimacro : allowInlineLocal = false : VMs defined inline will be global in scope if allowed.
2015-08-21 01:01:59,912 - Velocimacro : autoload off : VM system will not automatically reload global library macros
g.ClassLoader.loadClass(ClassLoader.java:425)
	at sun.misc.Launcher$AppClassLoader.loadClass(Launcher.java:308)
	at java.lang.ClassLoader.loadClass(ClassLoader.java:358)
	... 19 more
2015-08-21 01:01:59,911 - Trying to use logger class org.apache.velocity.runtime.log.Log4JLogChute
2015-08-21 01:01:59,911 - Using logger class org.apache.velocity.runtime.log.Log4JLogChute
2015-08-21 01:01:59,911 - Default ResourceManager initializing. (class org.apache.velocity.runtime.resource.ResourceManagerImpl)
2015-08-21 01:01:59,911 - ResourceLoader instantiated: org.apache.velocity.runtime.resource.loader.FileResourceLoader
2015-08-21 01:01:59,911 - Do unicode file recognition:  false
2015-08-21 01:01:59,911 - FileResourceLoader : adding path '.'
2015-08-21 01:01:59,911 - ResourceCache: initialized (class org.apache.velocity.runtime.resource.ResourceCacheImpl)
2015-08-21 01:01:59,911 - Loaded System Directive: org.apache.velocity.runtime.directive.Literal
2015-08-21 01:01:59,911 - Loaded System Directive: org.apache.velocity.runtime.directive.Macro
2015-08-21 01:01:59,911 - Loaded System Directive: org.apache.velocity.runtime.directive.Parse
2015-08-21 01:01:59,911 - Loaded System Directive: org.apache.velocity.runtime.directive.Include
2015-08-21 01:01:59,911 - Loaded System Directive: org.apache.velocity.runtime.directive.Foreach
2015-08-21 01:01:59,912 - Created '20' parsers.
2015-08-21 01:01:59,912 - Velocimacro : "velocimacro.library" is not set.  Trying default library: VM_global_library.vm
2015-08-21 01:01:59,912 - Velocimacro : Default library not found.
2015-08-21 01:01:59,912 - Velocimacro : allowInline = true : VMs can be defined inline in templates
2015-08-21 01:01:59,912 - Velocimacro : allowInlineToOverride = false : VMs defined inline may NOT replace previous VM definitions
2015-08-21 01:01:59,912 - Velocimacro : allowInlineLocal = false : VMs defined inline will be global in scope if allowed.
2015-08-21 01:01:59,912 - Velocimacro : autoload off : VM system will not automatically reload global library macros
2015-08-21 01:02:59,209 - Log4JLogChute initialized using file 'velocity.log'
2015-08-21 01:02:59,209 - Starting Apache Velocity v1.5 (compiled: 2007-02-22 08:52:29)
2015-08-21 01:02:59,209 - Default Properties File: org/apache/velocity/runtime/defaults/velocity.properties
2015-08-21 01:02:59,209 - Trying to use logger class org.apache.velocity.runtime.log.AvalonLogChute
2015-08-21 01:02:59,209 - Couldn't find class org.apache.velocity.runtime.log.AvalonLogChute or necessary supporting classes in classpath.
java.lang.NoClassDefFoundError: org/apache/log/format/Formatter
	at java.lang.Class.forName0(Native Method)
	at java.lang.Class.forName(Class.java:274)
	at org.apache.velocity.util.ClassUtils.getClass(ClassUtils.java:63)
	at org.apache.velocity.util.ClassUtils.getNewInstance(ClassUtils.java:95)
	at org.apache.velocity.runtime.log.LogManager.createLogChute(LogManager.java:147)
	at org.apache.velocity.runtime.log.LogManager.updateLog(LogManager.java:208)
	at org.apache.velocity.runtime.RuntimeInstance.initializeLog(RuntimeInstance.java:728)
	at org.apache.velocity.runtime.RuntimeInstance.init(RuntimeInstance.java:240)
	at org.apache.velocity.runtime.RuntimeInstance.init(RuntimeInstance.java:534)
	at org.apache.velocity.app.VelocityEngine.init(VelocityEngine.java:144)
	at com.amazonaws.mturk.addon.HITQuestion.<init>(HITQuestion.java:69)
	at com.example.BestImage.createBestImage(BestImage.java:80)
	at com.example.BestImage.main(BestImage.java:142)
	at sun.reflect.NativeMethodAccessorImpl.invoke0(Native Method)
	at sun.reflect.NativeMethodAccessorImpl.invoke(NativeMethodAccessorImpl.java:57)
	at sun.reflect.DelegatingMethodAccessorImpl.invoke(DelegatingMethodAccessorImpl.java:43)
	at java.lang.reflect.Method.invoke(Method.java:606)
	at com.intellij.rt.execution.application.AppMain.main(AppMain.java:140)
Caused by: java.lang.ClassNotFoundException: org.apache.log.format.Formatter
	at java.net.URLClassLoader$1.run(URLClassLoader.java:366)
	at java.net.URLClassLoader$1.run(URLClassLoader.java:355)
	at java.security.AccessController.doPrivileged(Native Method)
	at java.net.URLClassLoader.findClass(URLClassLoader.java:354)
	at java.lang.ClassLoader.loadClass(ClassLoader.java:425)
	at sun.misc.Launcher$AppClassLoader.loadClass(Launcher.java:308)
	at java.lang.ClassLoader.loadClass(ClassLoader.java:358)
	... 18 more
2015-08-21 01:02:59,210 - Trying to use logger class org.apache.velocity.runtime.log.Log4JLogChute
2015-08-21 01:02:59,210 - Using logger class org.apache.velocity.runtime.log.Log4JLogChute
2015-08-21 01:02:59,211 - Default ResourceManager initializing. (class org.apache.velocity.runtime.resource.ResourceManagerImpl)
2015-08-21 01:02:59,213 - ResourceLoader instantiated: org.apache.velocity.runtime.resource.loader.FileResourceLoader
2015-08-21 01:02:59,213 - Do unicode file recognition:  false
2015-08-21 01:02:59,214 - FileResourceLoader : adding path '.'
2015-08-21 01:02:59,220 - ResourceCache: initialized (class org.apache.velocity.runtime.resource.ResourceCacheImpl)
2015-08-21 01:02:59,220 - Loaded System Directive: org.apache.velocity.runtime.directive.Literal
2015-08-21 01:02:59,221 - Loaded System Directive: org.apache.velocity.runtime.directive.Macro
2015-08-21 01:02:59,222 - Loaded System Directive: org.apache.velocity.runtime.directive.Parse
2015-08-21 01:02:59,222 - Loaded System Directive: org.apache.velocity.runtime.directive.Include
2015-08-21 01:02:59,223 - Loaded System Directive: org.apache.velocity.runtime.directive.Foreach
2015-08-21 01:02:59,236 - Created '20' parsers.
2015-08-21 01:02:59,240 - Velocimacro : "velocimacro.library" is not set.  Trying default library: VM_global_library.vm
2015-08-21 01:02:59,240 - Velocimacro : Default library not found.
2015-08-21 01:02:59,240 - Velocimacro : allowInline = true : VMs can be defined inline in templates
2015-08-21 01:02:59,240 - Velocimacro : allowInlineToOverride = false : VMs defined inline may NOT replace previous VM definitions
2015-08-21 01:02:59,240 - Velocimacro : allowInlineLocal = false : VMs defined inline will be global in scope if allowed.
2015-08-21 01:02:59,240 - Velocimacro : autoload off : VM system will not automatically reload global library macros
2015-08-21 01:02:59,244 - ResourceManager : found best_image.question with loader org.apache.velocity.runtime.resource.loader.FileResourceLoader
2015-08-21 01:03:03,945 - Log4JLogChute initialized using file 'velocity.log'
2015-08-21 01:03:03,945 - Log4JLogChute initialized using file 'velocity.log'
2015-08-21 01:03:03,945 - Starting Apache Velocity v1.5 (compiled: 2007-02-22 08:52:29)
2015-08-21 01:03:03,945 - Starting Apache Velocity v1.5 (compiled: 2007-02-22 08:52:29)
2015-08-21 01:03:03,946 - Default Properties File: org/apache/velocity/runtime/defaults/velocity.properties
2015-08-21 01:03:03,946 - Default Properties File: org/apache/velocity/runtime/defaults/velocity.properties
2015-08-21 01:03:03,946 - Trying to use logger class org.apache.velocity.runtime.log.AvalonLogChute
2015-08-21 01:03:03,946 - Trying to use logger class org.apache.velocity.runtime.log.AvalonLogChute
2015-08-21 01:03:03,946 - Couldn't find class org.apache.velocity.runtime.log.AvalonLogChute or necessary supporting classes in classpath.
java.lang.NoClassDefFoundError: org/apache/log/format/Formatter
	at java.lang.Class.forName0(Native Method)
	at java.lang.Class.forName(Class.java:274)
	at org.apache.velocity.util.ClassUtils.getClass(ClassUtils.java:63)
	at org.apache.velocity.util.ClassUtils.getNewInstance(ClassUtils.java:95)
	at org.apache.velocity.runtime.log.LogManager.createLogChute(LogManager.java:147)
	at org.apache.velocity.runtime.log.LogManager.updateLog(LogManager.java:208)
	at org.apache.velocity.runtime.RuntimeInstance.initializeLog(RuntimeInstance.java:728)
	at org.apache.velocity.runtime.RuntimeInstance.init(RuntimeInstance.java:240)
	at org.apache.velocity.runtime.RuntimeSingleton.init(RuntimeSingleton.java:113)
	at org.apache.velocity.app.Velocity.init(Velocity.java:83)
	at com.amazonaws.mturk.util.VelocityUtil.doMerge(VelocityUtil.java:34)
	at com.amazonaws.mturk.addon.HITProperties.getLifetime(HITProperties.java:243)
	at com.example.BestImage.createBestImage(BestImage.java:104)
	at com.example.BestImage.main(BestImage.java:142)
	at sun.reflect.NativeMethodAccessorImpl.invoke0(Native Method)
	at sun.reflect.NativeMethodAccessorImpl.invoke(NativeMethodAccessorImpl.java:57)
	at sun.reflect.DelegatingMethodAccessorImpl.invoke(DelegatingMethodAccessorImpl.java:43)
	at java.lang.reflect.Method.invoke(Method.java:606)
	at com.intellij.rt.execution.application.AppMain.main(AppMain.java:140)
Caused by: java.lang.ClassNotFoundException: org.apache.log.format.Formatter
	at java.net.URLClassLoader$1.run(URLClassLoader.java:366)
	at java.net.URLClassLoader$1.run(URLClassLoader.java:355)
	at java.security.AccessController.doPrivileged(Native Method)
	at java.net.URLClassLoader.findClass(URLClassLoader.java:354)
	at java.lang.ClassLoader.loadClass(ClassLoader.java:425)
	at sun.misc.Launcher$AppClassLoader.loadClass(Launcher.java:308)
	at java.lang.ClassLoader.loadClass(ClassLoader.java:358)
	... 19 more
2015-08-21 01:03:03,946 - Couldn't find class org.apache.velocity.runtime.log.AvalonLogChute or necessary supporting classes in classpath.
java.lang.NoClassDefFoundError: org/apache/log/format/Formatter
	at java.lang.Class.forName0(Native Method)
	at java.lang.Class.forName(Class.java:274)
	at org.apache.velocity.util.ClassUtils.getClass(ClassUtils.java:63)
	at org.apache.velocity.util.ClassUtils.getNewInstance(ClassUtils.java:95)
	at org.apache.velocity.runtime.log.LogManager.createLogChute(LogManager.java:147)
	at org.apache.velocity.runtime.log.LogManager.updateLog(LogManager.java:208)
	at org.apache.velocity.runtime.RuntimeInstance.initializeLog(RuntimeInstance.java:728)
	at org.apache.velocity.runtime.RuntimeInstance.init(RuntimeInstance.java:240)
	at org.apache.velocity.runtime.RuntimeSingleton.init(RuntimeSingleton.java:113)
	at org.apache.velocity.app.Velocity.init(Velocity.java:83)
	at com.amazonaws.mturk.util.VelocityUtil.doMerge(VelocityUtil.java:34)
	at com.amazonaws.mturk.addon.HITProperties.getLifetime(HITProperties.java:243)
	at com.example.BestImage.createBestImage(BestImage.java:104)
	at com.example.BestImage.main(BestImage.java:142)
	at sun.reflect.NativeMethodAccessorImpl.invoke0(Native Method)
	at sun.reflect.NativeMethodAccessorImpl.invoke(NativeMethodAccessorImpl.java:57)
	at sun.reflect.DelegatingMethodAccessorImpl.invoke(DelegatingMethodAccessorImpl.java:43)
	at java.lang.reflect.Method.invoke(Method.java:606)
	at com.intellij.rt.execution.application.AppMain.main(AppMain.java:140)
Caused by: java.lang.ClassNotFoundException: org.apache.log.format.Formatter
	at java.net.URLClassLoader$1.run(URLClassLoader.java:366)
	at java.net.URLClassLoader$1.run(URLClassLoader.java:355)
	at java.security.AccessController.doPrivileged(Native Method)
	at java.net.URLClassLoader.findClass(URLClassLoader.java:354)
	at java.lang.ClassLoader.loadClass(ClassLoader.java:425)
	at sun.misc.Launcher$AppClassLoader.loadClass(Launcher.java:308)
	at java.lang.ClassLoader.loadClass(ClassLoader.java:358)
	... 19 more
2015-08-21 01:03:03,947 - Trying to use logger class org.apache.velocity.runtime.log.Log4JLogChute
2015-08-21 01:03:03,947 - Trying to use logger class org.apache.velocity.runtime.log.Log4JLogChute
2015-08-21 01:03:03,947 - Using logger class org.apache.velocity.runtime.log.Log4JLogChute
2015-08-21 01:03:03,947 - Using logger class org.apache.velocity.runtime.log.Log4JLogChute
2015-08-21 01:03:03,947 - Default ResourceManager initializing. (class org.apache.velocity.runtime.resource.ResourceManagerImpl)
2015-08-21 01:03:03,947 - Default ResourceManager initializing. (class org.apache.velocity.runtime.resource.ResourceManagerImpl)
2015-08-21 01:03:03,947 - ResourceLoader instantiated: org.apache.velocity.runtime.resource.loader.FileResourceLoader
2015-08-21 01:03:03,947 - ResourceLoader instantiated: org.apache.velocity.runtime.resource.loader.FileResourceLoader
2015-08-21 01:03:03,947 - Do unicode file recognition:  false
2015-08-21 01:03:03,947 - Do unicode file recognition:  false
2015-08-21 01:03:03,947 - FileResourceLoader : adding path '.'
2015-08-21 01:03:03,947 - FileResourceLoader : adding path '.'
2015-08-21 01:03:03,947 - ResourceCache: initialized (class org.apache.velocity.runtime.resource.ResourceCacheImpl)
2015-08-21 01:03:03,947 - ResourceCache: initialized (class org.apache.velocity.runtime.resource.ResourceCacheImpl)
2015-08-21 01:03:03,948 - Loaded System Directive: org.apache.velocity.runtime.directive.Literal
2015-08-21 01:03:03,948 - Loaded System Directive: org.apache.velocity.runtime.directive.Literal
2015-08-21 01:03:03,948 - Loaded System Directive: org.apache.velocity.runtime.directive.Macro
2015-08-21 01:03:03,948 - Loaded System Directive: org.apache.velocity.runtime.directive.Macro
2015-08-21 01:03:03,948 - Loaded System Directive: org.apache.velocity.runtime.directive.Parse
2015-08-21 01:03:03,948 - Loaded System Directive: org.apache.velocity.runtime.directive.Parse
2015-08-21 01:03:03,948 - Loaded System Directive: org.apache.velocity.runtime.directive.Include
2015-08-21 01:03:03,948 - Loaded System Directive: org.apache.velocity.runtime.directive.Include
2015-08-21 01:03:03,948 - Loaded System Directive: org.apache.velocity.runtime.directive.Foreach
2015-08-21 01:03:03,948 - Loaded System Directive: org.apache.velocity.runtime.directive.Foreach
2015-08-21 01:03:03,948 - Created '20' parsers.
2015-08-21 01:03:03,948 - Created '20' parsers.
2015-08-21 01:03:03,948 - Velocimacro : "velocimacro.library" is not set.  Trying default library: VM_global_library.vm
2015-08-21 01:03:03,948 - Velocimacro : "velocimacro.library" is not set.  Trying default library: VM_global_library.vm
2015-08-21 01:03:03,948 - Velocimacro : Default library not found.
2015-08-21 01:03:03,948 - Velocimacro : Default library not found.
2015-08-21 01:03:03,948 - Velocimacro : allowInline = true : VMs can be defined inline in templates
2015-08-21 01:03:03,948 - Velocimacro : allowInline = true : VMs can be defined inline in templates
2015-08-21 01:03:03,949 - Velocimacro : allowInlineToOverride = false : VMs defined inline may NOT replace previous VM definitions
2015-08-21 01:03:03,949 - Velocimacro : allowInlineToOverride = false : VMs defined inline may NOT replace previous VM definitions
2015-08-21 01:03:03,949 - Velocimacro : allowInlineLocal = false : VMs defined inline will be global in scope if allowed.
2015-08-21 01:03:03,949 - Velocimacro : allowInlineLocal = false : VMs defined inline will be global in scope if allowed.
2015-08-21 01:03:03,949 - Velocimacro : autoload off : VM system will not automatically reload global library macros
2015-08-21 01:03:03,949 - Velocimacro : autoload off : VM system will not automatically reload global library macros
2015-08-21 01:03:45,334 - Log4JLogChute initialized using file 'velocity.log'
2015-08-21 01:03:45,334 - Starting Apache Velocity v1.5 (compiled: 2007-02-22 08:52:29)
2015-08-21 01:03:45,334 - Default Properties File: org/apache/velocity/runtime/defaults/velocity.properties
2015-08-21 01:03:45,334 - Trying to use logger class org.apache.velocity.runtime.log.AvalonLogChute
2015-08-21 01:03:45,334 - Couldn't find class org.apache.velocity.runtime.log.AvalonLogChute or necessary supporting classes in classpath.
java.lang.NoClassDefFoundError: org/apache/log/format/Formatter
	at java.lang.Class.forName0(Native Method)
	at java.lang.Class.forName(Class.java:274)
	at org.apache.velocity.util.ClassUtils.getClass(ClassUtils.java:63)
	at org.apache.velocity.util.ClassUtils.getNewInstance(ClassUtils.java:95)
	at org.apache.velocity.runtime.log.LogManager.createLogChute(LogManager.java:147)
	at org.apache.velocity.runtime.log.LogManager.updateLog(LogManager.java:208)
	at org.apache.velocity.runtime.RuntimeInstance.initializeLog(RuntimeInstance.java:728)
	at org.apache.velocity.runtime.RuntimeInstance.init(RuntimeInstance.java:240)
	at org.apache.velocity.runtime.RuntimeInstance.init(RuntimeInstance.java:534)
	at org.apache.velocity.app.VelocityEngine.init(VelocityEngine.java:144)
	at com.amazonaws.mturk.addon.HITQuestion.<init>(HITQuestion.java:69)
	at com.example.BestImage.createBestImage(BestImage.java:80)
	at com.example.BestImage.main(BestImage.java:142)
	at sun.reflect.NativeMethodAccessorImpl.invoke0(Native Method)
	at sun.reflect.NativeMethodAccessorImpl.invoke(NativeMethodAccessorImpl.java:57)
	at sun.reflect.DelegatingMethodAccessorImpl.invoke(DelegatingMethodAccessorImpl.java:43)
	at java.lang.reflect.Method.invoke(Method.java:606)
	at com.intellij.rt.execution.application.AppMain.main(AppMain.java:140)
Caused by: java.lang.ClassNotFoundException: org.apache.log.format.Formatter
	at java.net.URLClassLoader$1.run(URLClassLoader.java:366)
	at java.net.URLClassLoader$1.run(URLClassLoader.java:355)
	at java.security.AccessController.doPrivileged(Native Method)
	at java.net.URLClassLoader.findClass(URLClassLoader.java:354)
	at java.lang.ClassLoader.loadClass(ClassLoader.java:425)
	at sun.misc.Launcher$AppClassLoader.loadClass(Launcher.java:308)
	at java.lang.ClassLoader.loadClass(ClassLoader.java:358)
	... 18 more
2015-08-21 01:03:45,335 - Trying to use logger class org.apache.velocity.runtime.log.Log4JLogChute
2015-08-21 01:03:45,335 - Using logger class org.apache.velocity.runtime.log.Log4JLogChute
2015-08-21 01:03:45,336 - Default ResourceManager initializing. (class org.apache.velocity.runtime.resource.ResourceManagerImpl)
2015-08-21 01:03:45,338 - ResourceLoader instantiated: org.apache.velocity.runtime.resource.loader.FileResourceLoader
2015-08-21 01:03:45,338 - Do unicode file recognition:  false
2015-08-21 01:03:45,338 - FileResourceLoader : adding path '.'
2015-08-21 01:03:45,345 - ResourceCache: initialized (class org.apache.velocity.runtime.resource.ResourceCacheImpl)
2015-08-21 01:03:45,345 - Loaded System Directive: org.apache.velocity.runtime.directive.Literal
2015-08-21 01:03:45,346 - Loaded System Directive: org.apache.velocity.runtime.directive.Macro
2015-08-21 01:03:45,347 - Loaded System Directive: org.apache.velocity.runtime.directive.Parse
2015-08-21 01:03:45,348 - Loaded System Directive: org.apache.velocity.runtime.directive.Include
2015-08-21 01:03:45,348 - Loaded System Directive: org.apache.velocity.runtime.directive.Foreach
2015-08-21 01:03:45,362 - Created '20' parsers.
2015-08-21 01:03:45,366 - Velocimacro : "velocimacro.library" is not set.  Trying default library: VM_global_library.vm
2015-08-21 01:03:45,366 - Velocimacro : Default library not found.
2015-08-21 01:03:45,366 - Velocimacro : allowInline = true : VMs can be defined inline in templates
2015-08-21 01:03:45,366 - Velocimacro : allowInlineToOverride = false : VMs defined inline may NOT replace previous VM definitions
2015-08-21 01:03:45,366 - Velocimacro : allowInlineLocal = false : VMs defined inline will be global in scope if allowed.
2015-08-21 01:03:45,366 - Velocimacro : autoload off : VM system will not automatically reload global library macros
2015-08-21 01:03:45,370 - ResourceManager : found best_image.question with loader org.apache.velocity.runtime.resource.loader.FileResourceLoader
2015-08-21 01:03:54,494 - Log4JLogChute initialized using file 'velocity.log'
2015-08-21 01:03:54,494 - Log4JLogChute initialized using file 'velocity.log'
2015-08-21 01:03:54,495 - Starting Apache Velocity v1.5 (compiled: 2007-02-22 08:52:29)
2015-08-21 01:03:54,495 - Starting Apache Velocity v1.5 (compiled: 2007-02-22 08:52:29)
2015-08-21 01:03:54,495 - Default Properties File: org/apache/velocity/runtime/defaults/velocity.properties
2015-08-21 01:03:54,495 - Default Properties File: org/apache/velocity/runtime/defaults/velocity.properties
2015-08-21 01:03:54,495 - Trying to use logger class org.apache.velocity.runtime.log.AvalonLogChute
2015-08-21 01:03:54,495 - Trying to use logger class org.apache.velocity.runtime.log.AvalonLogChute
2015-08-21 01:03:54,495 - Couldn't find class org.apache.velocity.runtime.log.AvalonLogChute or necessary supporting classes in classpath.
java.lang.NoClassDefFoundError: org/apache/log/format/Formatter
	at java.lang.Class.forName0(Native Method)
	at java.lang.Class.forName(Class.java:274)
	at org.apache.velocity.util.ClassUtils.getClass(ClassUtils.java:63)
	at org.apache.velocity.util.ClassUtils.getNewInstance(ClassUtils.java:95)
	at org.apache.velocity.runtime.log.LogManager.createLogChute(LogManager.java:147)
	at org.apache.velocity.runtime.log.LogManager.updateLog(LogManager.java:208)
	at org.apache.velocity.runtime.RuntimeInstance.initializeLog(RuntimeInstance.java:728)
	at org.apache.velocity.runtime.RuntimeInstance.init(RuntimeInstance.java:240)
	at org.apache.velocity.runtime.RuntimeSingleton.init(RuntimeSingleton.java:113)
	at org.apache.velocity.app.Velocity.init(Velocity.java:83)
	at com.amazonaws.mturk.util.VelocityUtil.doMerge(VelocityUtil.java:34)
	at com.amazonaws.mturk.addon.HITProperties.getLifetime(HITProperties.java:243)
	at com.example.BestImage.createBestImage(BestImage.java:104)
	at com.example.BestImage.main(BestImage.java:142)
	at sun.reflect.NativeMethodAccessorImpl.invoke0(Native Method)
	at sun.reflect.NativeMethodAccessorImpl.invoke(NativeMethodAccessorImpl.java:57)
	at sun.reflect.DelegatingMethodAccessorImpl.invoke(DelegatingMethodAccessorImpl.java:43)
	at java.lang.reflect.Method.invoke(Method.java:606)
	at com.intellij.rt.execution.application.AppMain.main(AppMain.java:140)
Caused by: java.lang.ClassNotFoundException: org.apache.log.format.Formatter
	at java.net.URLClassLoader$1.run(URLClassLoader.java:366)
	at java.net.URLClassLoader$1.run(URLClassLoader.java:355)
	at java.security.AccessController.doPrivileged(Native Method)
	at java.net.URLClassLoader.findClass(URLClassLoader.java:354)
	at java.lang.ClassLoader.loadClass(ClassLoader.java:425)
	at sun.misc.Launcher$AppClassLoader.loadClass(Launcher.java:308)
	at java.lang.ClassLoader.loadClass(ClassLoader.java:358)
	... 19 more
2015-08-21 01:03:54,495 - Couldn't find class org.apache.velocity.runtime.log.AvalonLogChute or necessary supporting classes in classpath.
java.lang.NoClassDefFoundError: org/apache/log/format/Formatter
	at java.lang.Class.forName0(Native Method)
	at java.lang.Class.forName(Class.java:274)
	at org.apache.velocity.util.ClassUtils.getClass(ClassUtils.java:63)
	at org.apache.velocity.util.ClassUtils.getNewInstance(ClassUtils.java:95)
	at org.apache.velocity.runtime.log.LogManager.createLogChute(LogManager.java:147)
	at org.apache.velocity.runtime.log.LogManager.updateLog(LogManager.java:208)
	at org.apache.velocity.runtime.RuntimeInstance.initializeLog(RuntimeInstance.java:728)
	at org.apache.velocity.runtime.RuntimeInstance.init(RuntimeInstance.java:240)
	at org.apache.velocity.runtime.RuntimeSingleton.init(RuntimeSingleton.java:113)
	at org.apache.velocity.app.Velocity.init(Velocity.java:83)
	at com.amazonaws.mturk.util.VelocityUtil.doMerge(VelocityUtil.java:34)
	at com.amazonaws.mturk.addon.HITProperties.getLifetime(HITProperties.java:243)
	at com.example.BestImage.createBestImage(BestImage.java:104)
	at com.example.BestImage.main(BestImage.java:142)
	at sun.reflect.NativeMethodAccessorImpl.invoke0(Native Method)
	at sun.reflect.NativeMethodAccessorImpl.invoke(NativeMethodAccessorImpl.java:57)
	at sun.reflect.DelegatingMethodAccessorImpl.invoke(DelegatingMethodAccessorImpl.java:43)
	at java.lang.reflect.Method.invoke(Method.java:606)
	at com.intellij.rt.execution.application.AppMain.main(AppMain.java:140)
Caused by: java.lang.ClassNotFoundException: org.apache.log.format.Formatter
	at java.net.URLClassLoader$1.run(URLClassLoader.java:366)
	at java.net.URLClassLoader$1.run(URLClassLoader.java:355)
	at java.security.AccessController.doPrivileged(Native Method)
	at java.net.URLClassLoader.findClass(URLClassLoader.java:354)
	at java.lang.ClassLoader.loadClass(ClassLoader.java:425)
	at sun.misc.Launcher$AppClassLoader.loadClass(Launcher.java:308)
	at java.lang.ClassLoader.loadClass(ClassLoader.java:358)
	... 19 more
2015-08-21 01:03:54,495 - Trying to use logger class org.apache.velocity.runtime.log.Log4JLogChute
2015-08-21 01:03:54,495 - Trying to use logger class org.apache.velocity.runtime.log.Log4JLogChute
2015-08-21 01:03:54,495 - Using logger class org.apache.velocity.runtime.log.Log4JLogChute
2015-08-21 01:03:54,495 - Using logger class org.apache.velocity.runtime.log.Log4JLogChute
2015-08-21 01:03:54,495 - Default ResourceManager initializing. (class org.apache.velocity.runtime.resource.ResourceManagerImpl)
2015-08-21 01:03:54,495 - Default ResourceManager initializing. (class org.apache.velocity.runtime.resource.ResourceManagerImpl)
2015-08-21 01:03:54,495 - ResourceLoader instantiated: org.apache.velocity.runtime.resource.loader.FileResourceLoader
2015-08-21 01:03:54,495 - ResourceLoader instantiated: org.apache.velocity.runtime.resource.loader.FileResourceLoader
2015-08-21 01:03:54,496 - Do unicode file recognition:  false
2015-08-21 01:03:54,496 - Do unicode file recognition:  false
2015-08-21 01:03:54,496 - FileResourceLoader : adding path '.'
2015-08-21 01:03:54,496 - FileResourceLoader : adding path '.'
2015-08-21 01:03:54,496 - ResourceCache: initialized (class org.apache.velocity.runtime.resource.ResourceCacheImpl)
2015-08-21 01:03:54,496 - ResourceCache: initialized (class org.apache.velocity.runtime.resource.ResourceCacheImpl)
2015-08-21 01:03:54,496 - Loaded System Directive: org.apache.velocity.runtime.directive.Literal
2015-08-21 01:03:54,496 - Loaded System Directive: org.apache.velocity.runtime.directive.Literal
2015-08-21 01:03:54,496 - Loaded System Directive: org.apache.velocity.runtime.directive.Macro
2015-08-21 01:03:54,496 - Loaded System Directive: org.apache.velocity.runtime.directive.Macro
2015-08-21 01:03:54,496 - Loaded System Directive: org.apache.velocity.runtime.directive.Parse
2015-08-21 01:03:54,496 - Loaded System Directive: org.apache.velocity.runtime.directive.Parse
2015-08-21 01:03:54,496 - Loaded System Directive: org.apache.velocity.runtime.directive.Include
2015-08-21 01:03:54,496 - Loaded System Directive: org.apache.velocity.runtime.directive.Include
2015-08-21 01:03:54,496 - Loaded System Directive: org.apache.velocity.runtime.directive.Foreach
2015-08-21 01:03:54,496 - Loaded System Directive: org.apache.velocity.runtime.directive.Foreach
2015-08-21 01:03:54,497 - Created '20' parsers.
2015-08-21 01:03:54,497 - Created '20' parsers.
2015-08-21 01:03:54,497 - Velocimacro : "velocimacro.library" is not set.  Trying default library: VM_global_library.vm
2015-08-21 01:03:54,497 - Velocimacro : "velocimacro.library" is not set.  Trying default library: VM_global_library.vm
2015-08-21 01:03:54,497 - Velocimacro : Default library not found.
2015-08-21 01:03:54,497 - Velocimacro : Default library not found.
2015-08-21 01:03:54,497 - Velocimacro : allowInline = true : VMs can be defined inline in templates
2015-08-21 01:03:54,497 - Velocimacro : allowInline = true : VMs can be defined inline in templates
2015-08-21 01:03:54,497 - Velocimacro : allowInlineToOverride = false : VMs defined inline may NOT replace previous VM definitions
2015-08-21 01:03:54,497 - Velocimacro : allowInlineToOverride = false : VMs defined inline may NOT replace previous VM definitions
2015-08-21 01:03:54,497 - Velocimacro : allowInlineLocal = false : VMs defined inline will be global in scope if allowed.
2015-08-21 01:03:54,497 - Velocimacro : allowInlineLocal = false : VMs defined inline will be global in scope if allowed.
2015-08-21 01:03:54,497 - Velocimacro : autoload off : VM system will not automatically reload global library macros
2015-08-21 01:03:54,497 - Velocimacro : autoload off : VM system will not automatically reload global library macros
2015-08-21 01:06:38,446 - Log4JLogChute initialized using file 'velocity.log'
2015-08-21 01:06:38,446 - Starting Apache Velocity v1.5 (compiled: 2007-02-22 08:52:29)
2015-08-21 01:06:38,446 - Default Properties File: org/apache/velocity/runtime/defaults/velocity.properties
2015-08-21 01:06:38,446 - Trying to use logger class org.apache.velocity.runtime.log.AvalonLogChute
2015-08-21 01:06:38,446 - Couldn't find class org.apache.velocity.runtime.log.AvalonLogChute or necessary supporting classes in classpath.
java.lang.NoClassDefFoundError: org/apache/log/format/Formatter
	at java.lang.Class.forName0(Native Method)
	at java.lang.Class.forName(Class.java:274)
	at org.apache.velocity.util.ClassUtils.getClass(ClassUtils.java:63)
	at org.apache.velocity.util.ClassUtils.getNewInstance(ClassUtils.java:95)
	at org.apache.velocity.runtime.log.LogManager.createLogChute(LogManager.java:147)
	at org.apache.velocity.runtime.log.LogManager.updateLog(LogManager.java:208)
	at org.apache.velocity.runtime.RuntimeInstance.initializeLog(RuntimeInstance.java:728)
	at org.apache.velocity.runtime.RuntimeInstance.init(RuntimeInstance.java:240)
	at org.apache.velocity.runtime.RuntimeInstance.init(RuntimeInstance.java:534)
	at org.apache.velocity.app.VelocityEngine.init(VelocityEngine.java:144)
	at com.amazonaws.mturk.addon.HITQuestion.<init>(HITQuestion.java:69)
	at com.example.BestImage.createBestImage(BestImage.java:80)
	at com.example.BestImage.main(BestImage.java:142)
	at sun.reflect.NativeMethodAccessorImpl.invoke0(Native Method)
	at sun.reflect.NativeMethodAccessorImpl.invoke(NativeMethodAccessorImpl.java:57)
	at sun.reflect.DelegatingMethodAccessorImpl.invoke(DelegatingMethodAccessorImpl.java:43)
	at java.lang.reflect.Method.invoke(Method.java:606)
	at com.intellij.rt.execution.application.AppMain.main(AppMain.java:140)
Caused by: java.lang.ClassNotFoundException: org.apache.log.format.Formatter
	at java.net.URLClassLoader$1.run(URLClassLoader.java:366)
	at java.net.URLClassLoader$1.run(URLClassLoader.java:355)
	at java.security.AccessController.doPrivileged(Native Method)
	at java.net.URLClassLoader.findClass(URLClassLoader.java:354)
	at java.lang.ClassLoader.loadClass(ClassLoader.java:425)
	at sun.misc.Launcher$AppClassLoader.loadClass(Launcher.java:308)
	at java.lang.ClassLoader.loadClass(ClassLoader.java:358)
	... 18 more
2015-08-21 01:06:38,447 - Trying to use logger class org.apache.velocity.runtime.log.Log4JLogChute
2015-08-21 01:06:38,447 - Using logger class org.apache.velocity.runtime.log.Log4JLogChute
2015-08-21 01:06:38,448 - Default ResourceManager initializing. (class org.apache.velocity.runtime.resource.ResourceManagerImpl)
2015-08-21 01:06:38,450 - ResourceLoader instantiated: org.apache.velocity.runtime.resource.loader.FileResourceLoader
2015-08-21 01:06:38,450 - Do unicode file recognition:  false
2015-08-21 01:06:38,450 - FileResourceLoader : adding path '.'
2015-08-21 01:06:38,457 - ResourceCache: initialized (class org.apache.velocity.runtime.resource.ResourceCacheImpl)
2015-08-21 01:06:38,457 - Loaded System Directive: org.apache.velocity.runtime.directive.Literal
2015-08-21 01:06:38,458 - Loaded System Directive: org.apache.velocity.runtime.directive.Macro
2015-08-21 01:06:38,459 - Loaded System Directive: org.apache.velocity.runtime.directive.Parse
2015-08-21 01:06:38,459 - Loaded System Directive: org.apache.velocity.runtime.directive.Include
2015-08-21 01:06:38,460 - Loaded System Directive: org.apache.velocity.runtime.directive.Foreach
2015-08-21 01:06:38,474 - Created '20' parsers.
2015-08-21 01:06:38,477 - Velocimacro : "velocimacro.library" is not set.  Trying default library: VM_global_library.vm
2015-08-21 01:06:38,477 - Velocimacro : Default library not found.
2015-08-21 01:06:38,477 - Velocimacro : allowInline = true : VMs can be defined inline in templates
2015-08-21 01:06:38,477 - Velocimacro : allowInlineToOverride = false : VMs defined inline may NOT replace previous VM definitions
2015-08-21 01:06:38,477 - Velocimacro : allowInlineLocal = false : VMs defined inline will be global in scope if allowed.
2015-08-21 01:06:38,477 - Velocimacro : autoload off : VM system will not automatically reload global library macros
2015-08-21 01:06:38,481 - ResourceManager : found best_image.question with loader org.apache.velocity.runtime.resource.loader.FileResourceLoader
2015-08-21 01:09:22,334 - Log4JLogChute initialized using file 'velocity.log'
2015-08-21 01:09:22,334 - Starting Apache Velocity v1.5 (compiled: 2007-02-22 08:52:29)
2015-08-21 01:09:22,334 - Default Properties File: org/apache/velocity/runtime/defaults/velocity.properties
2015-08-21 01:09:22,334 - Trying to use logger class org.apache.velocity.runtime.log.AvalonLogChute
2015-08-21 01:09:22,335 - Couldn't find class org.apache.velocity.runtime.log.AvalonLogChute or necessary supporting classes in classpath.
java.lang.NoClassDefFoundError: org/apache/log/format/Formatter
	at java.lang.Class.forName0(Native Method)
	at java.lang.Class.forName(Class.java:274)
	at org.apache.velocity.util.ClassUtils.getClass(ClassUtils.java:63)
	at org.apache.velocity.util.ClassUtils.getNewInstance(ClassUtils.java:95)
	at org.apache.velocity.runtime.log.LogManager.createLogChute(LogManager.java:147)
	at org.apache.velocity.runtime.log.LogManager.updateLog(LogManager.java:208)
	at org.apache.velocity.runtime.RuntimeInstance.initializeLog(RuntimeInstance.java:728)
	at org.apache.velocity.runtime.RuntimeInstance.init(RuntimeInstance.java:240)
	at org.apache.velocity.runtime.RuntimeInstance.init(RuntimeInstance.java:534)
	at org.apache.velocity.app.VelocityEngine.init(VelocityEngine.java:144)
	at com.amazonaws.mturk.addon.HITQuestion.<init>(HITQuestion.java:69)
	at com.example.BestImage.createBestImage(BestImage.java:80)
	at com.example.BestImage.main(BestImage.java:142)
	at sun.reflect.NativeMethodAccessorImpl.invoke0(Native Method)
	at sun.reflect.NativeMethodAccessorImpl.invoke(NativeMethodAccessorImpl.java:57)
	at sun.reflect.DelegatingMethodAccessorImpl.invoke(DelegatingMethodAccessorImpl.java:43)
	at java.lang.reflect.Method.invoke(Method.java:606)
	at com.intellij.rt.execution.application.AppMain.main(AppMain.java:140)
Caused by: java.lang.ClassNotFoundException: org.apache.log.format.Formatter
	at java.net.URLClassLoader$1.run(URLClassLoader.java:366)
	at java.net.URLClassLoader$1.run(URLClassLoader.java:355)
	at java.security.AccessController.doPrivileged(Native Method)
	at java.net.URLClassLoader.findClass(URLClassLoader.java:354)
	at java.lang.ClassLoader.loadClass(ClassLoader.java:425)
	at sun.misc.Launcher$AppClassLoader.loadClass(Launcher.java:308)
	at java.lang.ClassLoader.loadClass(ClassLoader.java:358)
	... 18 more
2015-08-21 01:09:22,335 - Trying to use logger class org.apache.velocity.runtime.log.Log4JLogChute
2015-08-21 01:09:22,335 - Using logger class org.apache.velocity.runtime.log.Log4JLogChute
2015-08-21 01:09:22,337 - Default ResourceManager initializing. (class org.apache.velocity.runtime.resource.ResourceManagerImpl)
2015-08-21 01:09:22,338 - ResourceLoader instantiated: org.apache.velocity.runtime.resource.loader.FileResourceLoader
2015-08-21 01:09:22,339 - Do unicode file recognition:  false
2015-08-21 01:09:22,339 - FileResourceLoader : adding path '.'
2015-08-21 01:09:22,346 - ResourceCache: initialized (class org.apache.velocity.runtime.resource.ResourceCacheImpl)
2015-08-21 01:09:22,346 - Loaded System Directive: org.apache.velocity.runtime.directive.Literal
2015-08-21 01:09:22,347 - Loaded System Directive: org.apache.velocity.runtime.directive.Macro
2015-08-21 01:09:22,348 - Loaded System Directive: org.apache.velocity.runtime.directive.Parse
2015-08-21 01:09:22,349 - Loaded System Directive: org.apache.velocity.runtime.directive.Include
2015-08-21 01:09:22,349 - Loaded System Directive: org.apache.velocity.runtime.directive.Foreach
2015-08-21 01:09:22,369 - Created '20' parsers.
2015-08-21 01:09:22,373 - Velocimacro : "velocimacro.library" is not set.  Trying default library: VM_global_library.vm
2015-08-21 01:09:22,374 - Velocimacro : Default library not found.
2015-08-21 01:09:22,374 - Velocimacro : allowInline = true : VMs can be defined inline in templates
2015-08-21 01:09:22,374 - Velocimacro : allowInlineToOverride = false : VMs defined inline may NOT replace previous VM definitions
2015-08-21 01:09:22,374 - Velocimacro : allowInlineLocal = false : VMs defined inline will be global in scope if allowed.
2015-08-21 01:09:22,374 - Velocimacro : autoload off : VM system will not automatically reload global library macros
2015-08-21 01:09:22,378 - ResourceManager : found best_image.question with loader org.apache.velocity.runtime.resource.loader.FileResourceLoader
2015-08-21 01:10:24,605 - Log4JLogChute initialized using file 'velocity.log'
2015-08-21 01:10:24,605 - Starting Apache Velocity v1.5 (compiled: 2007-02-22 08:52:29)
2015-08-21 01:10:24,605 - Default Properties File: org/apache/velocity/runtime/defaults/velocity.properties
2015-08-21 01:10:24,605 - Trying to use logger class org.apache.velocity.runtime.log.AvalonLogChute
2015-08-21 01:10:24,606 - Couldn't find class org.apache.velocity.runtime.log.AvalonLogChute or necessary supporting classes in classpath.
java.lang.NoClassDefFoundError: org/apache/log/format/Formatter
	at java.lang.Class.forName0(Native Method)
	at java.lang.Class.forName(Class.java:274)
	at org.apache.velocity.util.ClassUtils.getClass(ClassUtils.java:63)
	at org.apache.velocity.util.ClassUtils.getNewInstance(ClassUtils.java:95)
	at org.apache.velocity.runtime.log.LogManager.createLogChute(LogManager.java:147)
	at org.apache.velocity.runtime.log.LogManager.updateLog(LogManager.java:208)
	at org.apache.velocity.runtime.RuntimeInstance.initializeLog(RuntimeInstance.java:728)
	at org.apache.velocity.runtime.RuntimeInstance.init(RuntimeInstance.java:240)
	at org.apache.velocity.runtime.RuntimeInstance.init(RuntimeInstance.java:534)
	at org.apache.velocity.app.VelocityEngine.init(VelocityEngine.java:144)
	at com.amazonaws.mturk.addon.HITQuestion.<init>(HITQuestion.java:69)
	at com.example.BestImage.createBestImage(BestImage.java:80)
	at com.example.BestImage.main(BestImage.java:142)
	at sun.reflect.NativeMethodAccessorImpl.invoke0(Native Method)
	at sun.reflect.NativeMethodAccessorImpl.invoke(NativeMethodAccessorImpl.java:57)
	at sun.reflect.DelegatingMethodAccessorImpl.invoke(DelegatingMethodAccessorImpl.java:43)
	at java.lang.reflect.Method.invoke(Method.java:606)
	at com.intellij.rt.execution.application.AppMain.main(AppMain.java:140)
Caused by: java.lang.ClassNotFoundException: org.apache.log.format.Formatter
	at java.net.URLClassLoader$1.run(URLClassLoader.java:366)
	at java.net.URLClassLoader$1.run(URLClassLoader.java:355)
	at java.security.AccessController.doPrivileged(Native Method)
	at java.net.URLClassLoader.findClass(URLClassLoader.java:354)
	at java.lang.ClassLoader.loadClass(ClassLoader.java:425)
	at sun.misc.Launcher$AppClassLoader.loadClass(Launcher.java:308)
	at java.lang.ClassLoader.loadClass(ClassLoader.java:358)
	... 18 more
2015-08-21 01:10:24,606 - Trying to use logger class org.apache.velocity.runtime.log.Log4JLogChute
2015-08-21 01:10:24,606 - Using logger class org.apache.velocity.runtime.log.Log4JLogChute
2015-08-21 01:10:24,607 - Default ResourceManager initializing. (class org.apache.velocity.runtime.resource.ResourceManagerImpl)
2015-08-21 01:10:24,609 - ResourceLoader instantiated: org.apache.velocity.runtime.resource.loader.FileResourceLoader
2015-08-21 01:10:24,609 - Do unicode file recognition:  false
2015-08-21 01:10:24,610 - FileResourceLoader : adding path '.'
2015-08-21 01:10:24,617 - ResourceCache: initialized (class org.apache.velocity.runtime.resource.ResourceCacheImpl)
2015-08-21 01:10:24,618 - Loaded System Directive: org.apache.velocity.runtime.directive.Literal
2015-08-21 01:10:24,618 - Loaded System Directive: org.apache.velocity.runtime.directive.Macro
2015-08-21 01:10:24,619 - Loaded System Directive: org.apache.velocity.runtime.directive.Parse
2015-08-21 01:10:24,620 - Loaded System Directive: org.apache.velocity.runtime.directive.Include
2015-08-21 01:10:24,621 - Loaded System Directive: org.apache.velocity.runtime.directive.Foreach
2015-08-21 01:10:24,637 - Created '20' parsers.
2015-08-21 01:10:24,641 - Velocimacro : "velocimacro.library" is not set.  Trying default library: VM_global_library.vm
2015-08-21 01:10:24,641 - Velocimacro : Default library not found.
2015-08-21 01:10:24,641 - Velocimacro : allowInline = true : VMs can be defined inline in templates
2015-08-21 01:10:24,641 - Velocimacro : allowInlineToOverride = false : VMs defined inline may NOT replace previous VM definitions
2015-08-21 01:10:24,641 - Velocimacro : allowInlineLocal = false : VMs defined inline will be global in scope if allowed.
2015-08-21 01:10:24,641 - Velocimacro : autoload off : VM system will not automatically reload global library macros
2015-08-21 01:10:24,645 - ResourceManager : found best_image.question with loader org.apache.velocity.runtime.resource.loader.FileResourceLoader
2015-08-21 01:10:29,049 - Log4JLogChute initialized using file 'velocity.log'
2015-08-21 01:10:29,049 - Log4JLogChute initialized using file 'velocity.log'
2015-08-21 01:10:29,049 - Starting Apache Velocity v1.5 (compiled: 2007-02-22 08:52:29)
2015-08-21 01:10:29,049 - Starting Apache Velocity v1.5 (compiled: 2007-02-22 08:52:29)
2015-08-21 01:10:29,049 - Default Properties File: org/apache/velocity/runtime/defaults/velocity.properties
2015-08-21 01:10:29,049 - Default Properties File: org/apache/velocity/runtime/defaults/velocity.properties
2015-08-21 01:10:29,049 - Trying to use logger class org.apache.velocity.runtime.log.AvalonLogChute
2015-08-21 01:10:29,049 - Trying to use logger class org.apache.velocity.runtime.log.AvalonLogChute
2015-08-21 01:10:29,049 - Couldn't find class org.apache.velocity.runtime.log.AvalonLogChute or necessary supporting classes in classpath.
java.lang.NoClassDefFoundError: org/apache/log/format/Formatter
	at java.lang.Class.forName0(Native Method)
	at java.lang.Class.forName(Class.java:274)
	at org.apache.velocity.util.ClassUtils.getClass(ClassUtils.java:63)
	at org.apache.velocity.util.ClassUtils.getNewInstance(ClassUtils.java:95)
	at org.apache.velocity.runtime.log.LogManager.createLogChute(LogManager.java:147)
	at org.apache.velocity.runtime.log.LogManager.updateLog(LogManager.java:208)
	at org.apache.velocity.runtime.RuntimeInstance.initializeLog(RuntimeInstance.java:728)
	at org.apache.velocity.runtime.RuntimeInstance.init(RuntimeInstance.java:240)
	at org.apache.velocity.runtime.RuntimeSingleton.init(RuntimeSingleton.java:113)
	at org.apache.velocity.app.Velocity.init(Velocity.java:83)
	at com.amazonaws.mturk.util.VelocityUtil.doMerge(VelocityUtil.java:34)
	at com.amazonaws.mturk.addon.HITProperties.getLifetime(HITProperties.java:243)
	at com.example.BestImage.createBestImage(BestImage.java:104)
	at com.example.BestImage.main(BestImage.java:142)
	at sun.reflect.NativeMethodAccessorImpl.invoke0(Native Method)
	at sun.reflect.NativeMethodAccessorImpl.invoke(NativeMethodAccessorImpl.java:57)
	at sun.reflect.DelegatingMethodAccessorImpl.invoke(DelegatingMethodAccessorImpl.java:43)
	at java.lang.reflect.Method.invoke(Method.java:606)
	at com.intellij.rt.execution.application.AppMain.main(AppMain.java:140)
Caused by: java.lang.ClassNotFoundException: org.apache.log.format.Formatter
	at java.net.URLClassLoader$1.run(URLClassLoader.java:366)
	at java.net.URLClassLoader$1.run(URLClassLoader.java:355)
	at java.security.AccessController.doPrivileged(Native Method)
	at java.net.URLClassLoader.findClass(URLClassLoader.java:354)
	at java.lang.ClassLoader.loadClass(ClassLoader.java:425)
	at sun.misc.Launcher$AppClassLoader.loadClass(Launcher.java:308)
	at java.lang.ClassLoader.loadClass(ClassLoader.java:358)
	... 19 more
2015-08-21 01:10:29,049 - Couldn't find class org.apache.velocity.runtime.log.AvalonLogChute or necessary supporting classes in classpath.
java.lang.NoClassDefFoundError: org/apache/log/format/Formatter
	at java.lang.Class.forName0(Native Method)
	at java.lang.Class.forName(Class.java:274)
	at org.apache.velocity.util.ClassUtils.getClass(ClassUtils.java:63)
	at org.apache.velocity.util.ClassUtils.getNewInstance(ClassUtils.java:95)
	at org.apache.velocity.runtime.log.LogManager.createLogChute(LogManager.java:147)
	at org.apache.velocity.runtime.log.LogManager.updateLog(LogManager.java:208)
	at org.apache.velocity.runtime.RuntimeInstance.initializeLog(RuntimeInstance.java:728)
	at org.apache.velocity.runtime.RuntimeInstance.init(RuntimeInstance.java:240)
	at org.apache.velocity.runtime.RuntimeSingleton.init(RuntimeSingleton.java:113)
	at org.apache.velocity.app.Velocity.init(Velocity.java:83)
	at com.amazonaws.mturk.util.VelocityUtil.doMerge(VelocityUtil.java:34)
	at com.amazonaws.mturk.addon.HITProperties.getLifetime(HITProperties.java:243)
	at com.example.BestImage.createBestImage(BestImage.java:104)
	at com.example.BestImage.main(BestImage.java:142)
	at sun.reflect.NativeMethodAccessorImpl.invoke0(Native Method)
	at sun.reflect.NativeMethodAccessorImpl.invoke(NativeMethodAccessorImpl.java:57)
	at sun.reflect.DelegatingMethodAccessorImpl.invoke(DelegatingMethodAccessorImpl.java:43)
	at java.lang.reflect.Method.invoke(Method.java:606)
	at com.intellij.rt.execution.application.AppMain.main(AppMain.java:140)
Caused by: java.lang.ClassNotFoundException: org.apache.log.format.Formatter
	at java.net.URLClassLoader$1.run(URLClassLoader.java:366)
	at java.net.URLClassLoader$1.run(URLClassLoader.java:355)
	at java.security.AccessController.doPrivileged(Native Method)
	at java.net.URLClassLoader.findClass(URLClassLoader.java:354)
	at java.lang.ClassLoader.loadClass(ClassLoader.java:425)
	at sun.misc.Launcher$AppClassLoader.loadClass(Launcher.java:308)
	at java.lang.ClassLoader.loadClass(ClassLoader.java:358)
	... 19 more
2015-08-21 01:10:29,050 - Trying to use logger class org.apache.velocity.runtime.log.Log4JLogChute
2015-08-21 01:10:29,050 - Trying to use logger class org.apache.velocity.runtime.log.Log4JLogChute
2015-08-21 01:10:29,050 - Using logger class org.apache.velocity.runtime.log.Log4JLogChute
2015-08-21 01:10:29,050 - Using logger class org.apache.velocity.runtime.log.Log4JLogChute
2015-08-21 01:10:29,050 - Default ResourceManager initializing. (class org.apache.velocity.runtime.resource.ResourceManagerImpl)
2015-08-21 01:10:29,050 - Default ResourceManager initializing. (class org.apache.velocity.runtime.resource.ResourceManagerImpl)
2015-08-21 01:10:29,050 - ResourceLoader instantiated: org.apache.velocity.runtime.resource.loader.FileResourceLoader
2015-08-21 01:10:29,050 - ResourceLoader instantiated: org.apache.velocity.runtime.resource.loader.FileResourceLoader
2015-08-21 01:10:29,050 - Do unicode file recognition:  false
2015-08-21 01:10:29,050 - Do unicode file recognition:  false
2015-08-21 01:10:29,050 - FileResourceLoader : adding path '.'
2015-08-21 01:10:29,050 - FileResourceLoader : adding path '.'
2015-08-21 01:10:29,050 - ResourceCache: initialized (class org.apache.velocity.runtime.resource.ResourceCacheImpl)
2015-08-21 01:10:29,050 - ResourceCache: initialized (class org.apache.velocity.runtime.resource.ResourceCacheImpl)
2015-08-21 01:10:29,050 - Loaded System Directive: org.apache.velocity.runtime.directive.Literal
2015-08-21 01:10:29,050 - Loaded System Directive: org.apache.velocity.runtime.directive.Literal
2015-08-21 01:10:29,050 - Loaded System Directive: org.apache.velocity.runtime.directive.Macro
2015-08-21 01:10:29,050 - Loaded System Directive: org.apache.velocity.runtime.directive.Macro
2015-08-21 01:10:29,050 - Loaded System Directive: org.apache.velocity.runtime.directive.Parse
2015-08-21 01:10:29,050 - Loaded System Directive: org.apache.velocity.runtime.directive.Parse
2015-08-21 01:10:29,050 - Loaded System Directive: org.apache.velocity.runtime.directive.Include
2015-08-21 01:10:29,050 - Loaded System Directive: org.apache.velocity.runtime.directive.Include
2015-08-21 01:10:29,050 - Loaded System Directive: org.apache.velocity.runtime.directive.Foreach
2015-08-21 01:10:29,050 - Loaded System Directive: org.apache.velocity.runtime.directive.Foreach
2015-08-21 01:10:29,051 - Created '20' parsers.
2015-08-21 01:10:29,051 - Created '20' parsers.
2015-08-21 01:10:29,051 - Velocimacro : "velocimacro.library" is not set.  Trying default library: VM_global_library.vm
2015-08-21 01:10:29,051 - Velocimacro : "velocimacro.library" is not set.  Trying default library: VM_global_library.vm
2015-08-21 01:10:29,051 - Velocimacro : Default library not found.
2015-08-21 01:10:29,051 - Velocimacro : Default library not found.
2015-08-21 01:10:29,051 - Velocimacro : allowInline = true : VMs can be defined inline in templates
2015-08-21 01:10:29,051 - Velocimacro : allowInline = true : VMs can be defined inline in templates
2015-08-21 01:10:29,051 - Velocimacro : allowInlineToOverride = false : VMs defined inline may NOT replace previous VM definitions
2015-08-21 01:10:29,051 - Velocimacro : allowInlineToOverride = false : VMs defined inline may NOT replace previous VM definitions
2015-08-21 01:10:29,051 - Velocimacro : allowInlineLocal = false : VMs defined inline will be global in scope if allowed.
2015-08-21 01:10:29,051 - Velocimacro : allowInlineLocal = false : VMs defined inline will be global in scope if allowed.
2015-08-21 01:10:29,051 - Velocimacro : autoload off : VM system will not automatically reload global library macros
2015-08-21 01:10:29,051 - Velocimacro : autoload off : VM system will not automatically reload global library macros
